# JRE version: OpenJDK Runtime Environment (8.0_202-b03) (build 1.8.0_202-release-1483-b03)
# Java VM: OpenJDK 64-Bit Server VM (25.202-b03 mixed mode windows-amd64 compressed oops)
Heap:
 PSYoungGen      total 141312K, used 82779K [0x00000000f5580000, 0x00000000ff900000, 0x0000000100000000)
  eden space 117248K, 54% used [0x00000000f5580000,0x00000000f9403fa8,0x00000000fc800000)
  from space 24064K, 77% used [0x00000000fe180000,0x00000000ff3d2f48,0x00000000ff900000)
  to   space 25088K, 0% used [0x00000000fc800000,0x00000000fc800000,0x00000000fe080000)
 ParOldGen       total 254976K, used 35299K [0x00000000e0000000, 0x00000000ef900000, 0x00000000f5580000)
  object space 254976K, 13% used [0x00000000e0000000,0x00000000e2278f20,0x00000000ef900000)
 Metaspace       used 82530K, capacity 87828K, committed 88024K, reserved 1126400K
  class space    used 11015K, capacity 11995K, committed 12032K, reserved 1048576K
GC Heap History (10 events):
Event: 435.607 GC heap before
{Heap before GC invocations=17 (full 3):
 PSYoungGen      total 140288K, used 139892K [0x00000000f5580000, 0x00000000ff780000, 0x0000000100000000)
  eden space 128000K, 100% used [0x00000000f5580000,0x00000000fd280000,0x00000000fd280000)
  from space 12288K, 96% used [0x00000000fd480000,0x00000000fe01d050,0x00000000fe080000)
  to   space 18944K, 0% used [0x00000000fe500000,0x00000000fe500000,0x00000000ff780000)
 ParOldGen       total 254976K, used 35236K [0x00000000e0000000, 0x00000000ef900000, 0x00000000f5580000)
  object space 254976K, 13% used [0x00000000e0000000,0x00000000e2269170,0x00000000ef900000)
 Metaspace       used 70741K, capacity 74428K, committed 74584K, reserved 1114112K
  class space    used 9327K, capacity 9998K, committed 10112K, reserved 1048576K
Event: 435.625 GC heap after
Heap after GC invocations=17 (full 3):
 PSYoungGen      total 144896K, used 16807K [0x00000000f5580000, 0x00000000ff780000, 0x0000000100000000)
  eden space 125952K, 0% used [0x00000000f5580000,0x00000000f5580000,0x00000000fd080000)
  from space 18944K, 88% used [0x00000000fe500000,0x00000000ff569c20,0x00000000ff780000)
  to   space 19968K, 0% used [0x00000000fd080000,0x00000000fd080000,0x00000000fe400000)
 ParOldGen       total 254976K, used 35244K [0x00000000e0000000, 0x00000000ef900000, 0x00000000f5580000)
  object space 254976K, 13% used [0x00000000e0000000,0x00000000e226b170,0x00000000ef900000)
 Metaspace       used 70741K, capacity 74428K, committed 74584K, reserved 1114112K
  class space    used 9327K, capacity 9998K, committed 10112K, reserved 1048576K
}
Event: 849.726 GC heap before
{Heap before GC invocations=18 (full 3):
 PSYoungGen      total 144896K, used 142759K [0x00000000f5580000, 0x00000000ff780000, 0x0000000100000000)
  eden space 125952K, 100% used [0x00000000f5580000,0x00000000fd080000,0x00000000fd080000)
  from space 18944K, 88% used [0x00000000fe500000,0x00000000ff569c20,0x00000000ff780000)
  to   space 19968K, 0% used [0x00000000fd080000,0x00000000fd080000,0x00000000fe400000)
 ParOldGen       total 254976K, used 35244K [0x00000000e0000000, 0x00000000ef900000, 0x00000000f5580000)
  object space 254976K, 13% used [0x00000000e0000000,0x00000000e226b170,0x00000000ef900000)
 Metaspace       used 72510K, capacity 76492K, committed 76632K, reserved 1116160K
  class space    used 9553K, capacity 10273K, committed 10368K, reserved 1048576K
Event: 849.736 GC heap after
Heap after GC invocations=18 (full 3):
 PSYoungGen      total 142336K, used 18064K [0x00000000f5580000, 0x00000000ff880000, 0x0000000100000000)
  eden space 123904K, 0% used [0x00000000f5580000,0x00000000f5580000,0x00000000fce80000)
  from space 18432K, 98% used [0x00000000fd080000,0x00000000fe224398,0x00000000fe280000)
  to   space 21504K, 0% used [0x00000000fe380000,0x00000000fe380000,0x00000000ff880000)
 ParOldGen       total 254976K, used 35252K [0x00000000e0000000, 0x00000000ef900000, 0x00000000f5580000)
  object space 254976K, 13% used [0x00000000e0000000,0x00000000e226d170,0x00000000ef900000)
 Metaspace       used 72510K, capacity 76492K, committed 76632K, reserved 1116160K
  class space    used 9553K, capacity 10273K, committed 10368K, reserved 1048576K
}
Event: 926.094 GC heap before
{Heap before GC invocations=19 (full 3):
 PSYoungGen      total 142336K, used 141968K [0x00000000f5580000, 0x00000000ff880000, 0x0000000100000000)
  eden space 123904K, 100% used [0x00000000f5580000,0x00000000fce80000,0x00000000fce80000)
  from space 18432K, 98% used [0x00000000fd080000,0x00000000fe224398,0x00000000fe280000)
  to   space 21504K, 0% used [0x00000000fe380000,0x00000000fe380000,0x00000000ff880000)
 ParOldGen       total 254976K, used 35252K [0x00000000e0000000, 0x00000000ef900000, 0x00000000f5580000)
  object space 254976K, 13% used [0x00000000e0000000,0x00000000e226d170,0x00000000ef900000)
 Metaspace       used 75326K, capacity 79680K, committed 79960K, reserved 1118208K
  class space    used 9970K, capacity 10783K, committed 10880K, reserved 1048576K
Event: 926.121 GC heap after
Heap after GC invocations=19 (full 3):
 PSYoungGen      total 142848K, used 21496K [0x00000000f5580000, 0x00000000ffb80000, 0x0000000100000000)
  eden space 121344K, 0% used [0x00000000f5580000,0x00000000f5580000,0x00000000fcc00000)
  from space 21504K, 99% used [0x00000000fe380000,0x00000000ff87e248,0x00000000ff880000)
  to   space 24064K, 0% used [0x00000000fcc00000,0x00000000fcc00000,0x00000000fe380000)
 ParOldGen       total 254976K, used 35283K [0x00000000e0000000, 0x00000000ef900000, 0x00000000f5580000)
  object space 254976K, 13% used [0x00000000e0000000,0x00000000e2274f20,0x00000000ef900000)
 Metaspace       used 75326K, capacity 79680K, committed 79960K, reserved 1118208K
  class space    used 9970K, capacity 10783K, committed 10880K, reserved 1048576K
}
Event: 936.491 GC heap before
{Heap before GC invocations=20 (full 3):
 PSYoungGen      total 142848K, used 142840K [0x00000000f5580000, 0x00000000ffb80000, 0x0000000100000000)
  eden space 121344K, 100% used [0x00000000f5580000,0x00000000fcc00000,0x00000000fcc00000)
  from space 21504K, 99% used [0x00000000fe380000,0x00000000ff87e248,0x00000000ff880000)
  to   space 24064K, 0% used [0x00000000fcc00000,0x00000000fcc00000,0x00000000fe380000)
 ParOldGen       total 254976K, used 35283K [0x00000000e0000000, 0x00000000ef900000, 0x00000000f5580000)
  object space 254976K, 13% used [0x00000000e0000000,0x00000000e2274f20,0x00000000ef900000)
 Metaspace       used 75533K, capacity 79962K, committed 80216K, reserved 1118208K
  class space    used 9979K, capacity 10798K, committed 10880K, reserved 1048576K
Event: 936.509 GC heap after
Heap after GC invocations=20 (full 3):
 PSYoungGen      total 136192K, used 16612K [0x00000000f5580000, 0x00000000ff900000, 0x0000000100000000)
  eden space 119296K, 0% used [0x00000000f5580000,0x00000000f5580000,0x00000000fca00000)
  from space 16896K, 98% used [0x00000000fcc00000,0x00000000fdc390b0,0x00000000fdc80000)
  to   space 24064K, 0% used [0x00000000fe180000,0x00000000fe180000,0x00000000ff900000)
 ParOldGen       total 254976K, used 35291K [0x00000000e0000000, 0x00000000ef900000, 0x00000000f5580000)
  object space 254976K, 13% used [0x00000000e0000000,0x00000000e2276f20,0x00000000ef900000)
 Metaspace       used 75533K, capacity 79962K, committed 80216K, reserved 1118208K
  class space    used 9979K, capacity 10798K, committed 10880K, reserved 1048576K
}
Event: 1016.986 GC heap before
{Heap before GC invocations=21 (full 3):
 PSYoungGen      total 136192K, used 135908K [0x00000000f5580000, 0x00000000ff900000, 0x0000000100000000)
  eden space 119296K, 100% used [0x00000000f5580000,0x00000000fca00000,0x00000000fca00000)
  from space 16896K, 98% used [0x00000000fcc00000,0x00000000fdc390b0,0x00000000fdc80000)
  to   space 24064K, 0% used [0x00000000fe180000,0x00000000fe180000,0x00000000ff900000)
 ParOldGen       total 254976K, used 35291K [0x00000000e0000000, 0x00000000ef900000, 0x00000000f5580000)
  object space 254976K, 13% used [0x00000000e0000000,0x00000000e2276f20,0x00000000ef900000)
 Metaspace       used 77471K, capacity 82100K, committed 82264K, reserved 1120256K
  class space    used 10201K, capacity 11087K, committed 11136K, reserved 1048576K
Event: 1016.996 GC heap after
Heap after GC invocations=21 (full 3):
 PSYoungGen      total 141312K, used 18763K [0x00000000f5580000, 0x00000000ff900000, 0x0000000100000000)
  eden space 117248K, 0% used [0x00000000f5580000,0x00000000f5580000,0x00000000fc800000)
  from space 24064K, 77% used [0x00000000fe180000,0x00000000ff3d2f48,0x00000000ff900000)
  to   space 25088K, 0% used [0x00000000fc800000,0x00000000fc800000,0x00000000fe080000)
 ParOldGen       total 254976K, used 35299K [0x00000000e0000000, 0x00000000ef900000, 0x00000000f5580000)
  object space 254976K, 13% used [0x00000000e0000000,0x00000000e2278f20,0x00000000ef900000)
 Metaspace       used 77471K, capacity 82100K, committed 82264K, reserved 1120256K
  class space    used 10201K, capacity 11087K, committed 11136K, reserved 1048576K
}

